<?xml version="1.0" encoding="UTF-8"?>
<robot generator="Robot 4.0.2 (Python 3.9.5 on darwin)" generated="20210518 11:17:21.167" rpa="false" schemaversion="2">
<suite id="s1" name="Amazon" source="/Users/ray.maldonado/IdeaProjects/RobotFrameworkDemo/src/Tests/Amazon.robot">
<test id="s1-t1" name="Amazon">
<kw name="Open Browser" library="Selenium2Library">
<arg>http://www.amazon.com</arg>
<arg>chrome</arg>
<doc>Opens a new browser instance to the optional ``url``.</doc>
<msg timestamp="20210518 11:17:21.309" level="INFO">Opening browser 'chrome' to base url 'http://www.amazon.com'.</msg>
<status status="PASS" starttime="20210518 11:17:21.309" endtime="20210518 11:17:28.353"/>
</kw>
<kw name="Close Browser" library="Selenium2Library">
<doc>Closes the current browser.</doc>
<status status="PASS" starttime="20210518 11:17:28.353" endtime="20210518 11:17:28.462"/>
</kw>
<tag>Smoke</tag>
<status status="PASS" starttime="20210518 11:17:21.308" endtime="20210518 11:17:28.462"/>
</test>
<doc>This is some basic info about the whole suite</doc>
<status status="PASS" starttime="20210518 11:17:21.168" endtime="20210518 11:17:28.463"/>
</suite>
<statistics>
<total>
<stat pass="1" fail="0" skip="0">All Tests</stat>
</total>
<tag>
<stat pass="1" fail="0" skip="0">Smoke</stat>
</tag>
<suite>
<stat pass="1" fail="0" skip="0" id="s1" name="Amazon">Amazon</stat>
</suite>
</statistics>
<errors>
</errors>
</robot>
